2022-11-06T12:15:38+00:00 CRITICAL Maximum execution time of 120 seconds exceeded en C:\wamp64\www\wordpress\wp-includes\Requests\Transport\cURL.php en la línea 483

2022-11-06T15:03:50+00:00 CRITICAL Maximum execution time of 120 seconds exceeded en C:\wamp64\www\wordpress\wp-admin\includes\class-core-upgrader.php en la línea 411

2022-11-06T18:32:48+00:00 CRITICAL Maximum execution time of 120 seconds exceeded en C:\wamp64\www\wordpress\wp-includes\Requests\Transport\cURL.php en la línea 483

2022-11-06T19:19:44+00:00 CRITICAL Uncaught Error: Call to undefined function seva_get_fonts() in C:\wamp64\www\wordpress\wp-content\themes\rara-ecommerce\inc\custom-functions.php:568
Stack trace:
#0 C:\wamp64\www\wordpress\wp-includes\class-wp-hook.php(307): rara_ecommerce_dynamic_mce_css_ajax_callback('')
#1 C:\wamp64\www\wordpress\wp-includes\class-wp-hook.php(331): WP_Hook->apply_filters('', Array)
#2 C:\wamp64\www\wordpress\wp-includes\plugin.php(476): WP_Hook->do_action(Array)
#3 C:\wamp64\www\wordpress\wp-admin\admin-ajax.php(187): do_action('wp_ajax_rara_ec...')
#4 {main}
  thrown en C:\wamp64\www\wordpress\wp-content\themes\rara-ecommerce\inc\custom-functions.php en la línea 568

2022-11-06T19:19:50+00:00 CRITICAL Uncaught Error: Call to undefined function seva_get_fonts() in C:\wamp64\www\wordpress\wp-content\themes\rara-ecommerce\inc\custom-functions.php:568
Stack trace:
#0 C:\wamp64\www\wordpress\wp-includes\class-wp-hook.php(307): rara_ecommerce_dynamic_mce_css_ajax_callback('')
#1 C:\wamp64\www\wordpress\wp-includes\class-wp-hook.php(331): WP_Hook->apply_filters('', Array)
#2 C:\wamp64\www\wordpress\wp-includes\plugin.php(476): WP_Hook->do_action(Array)
#3 C:\wamp64\www\wordpress\wp-admin\admin-ajax.php(187): do_action('wp_ajax_rara_ec...')
#4 {main}
  thrown en C:\wamp64\www\wordpress\wp-content\themes\rara-ecommerce\inc\custom-functions.php en la línea 568

2022-11-06T21:29:03+00:00 CRITICAL Maximum execution time of 120 seconds exceeded en C:\wamp64\www\wordpress\wp-admin\includes\class-wp-filesystem-direct.php en la línea 82

