2022-11-11T11:52:50+00:00 CRITICAL Maximum execution time of 120 seconds exceeded en C:\wamp64\www\wordpress\wp-includes\widgets\class-wp-widget-text.php en la línea 17

2022-11-11T19:37:07+00:00 CRITICAL Uncaught Error: Class 'WC_Payments_Admin_Settings' not found in C:\wamp64\www\wordpress\wp-content\plugins\woocommerce-payments\includes\class-wc-payment-gateway-wcpay.php:2970
Stack trace:
#0 C:\wamp64\www\wordpress\wp-content\plugins\woocommerce\src\Admin\Features\PaymentGatewaySuggestions\PaymentGatewaysController.php(40): WC_Payment_Gateway_WCPay::get_settings_url()
#1 C:\wamp64\www\wordpress\wp-includes\class-wp-hook.php(307): Automattic\WooCommerce\Admin\Features\PaymentGatewaySuggestions\PaymentGatewaysController::extend_response(Object(WP_REST_Response), Object(WCPay\Payment_Methods\CC_Payment_Gateway), Object(WP_REST_Request))
#2 C:\wamp64\www\wordpress\wp-includes\plugin.php(191): WP_Hook->apply_filters(Object(WP_REST_Response), Array)
#3 C:\wamp64\www\wordpress\wp-content\plugins\woocommerce\includes\rest-api\Controllers\Version3\class-wc-rest-payment-gateways-controller.php(63): apply_filters('woocommerce_res...', Object(WP_REST_Response), Object(WCPay\Payment_Methods\CC_Payment_Gateway), Object(W en C:\wamp64\www\wordpress\wp-content\plugins\woocommerce-payments\includes\class-wc-payment-gateway-wcpay.php en la línea 2970

2022-11-11T19:42:39+00:00 CRITICAL Uncaught Error: Call to undefined function seva_get_fonts() in C:\wamp64\www\wordpress\wp-content\themes\rara-ecommerce\inc\custom-functions.php:568
Stack trace:
#0 C:\wamp64\www\wordpress\wp-includes\class-wp-hook.php(307): rara_ecommerce_dynamic_mce_css_ajax_callback('')
#1 C:\wamp64\www\wordpress\wp-includes\class-wp-hook.php(331): WP_Hook->apply_filters('', Array)
#2 C:\wamp64\www\wordpress\wp-includes\plugin.php(476): WP_Hook->do_action(Array)
#3 C:\wamp64\www\wordpress\wp-admin\admin-ajax.php(187): do_action('wp_ajax_rara_ec...')
#4 {main}
  thrown en C:\wamp64\www\wordpress\wp-content\themes\rara-ecommerce\inc\custom-functions.php en la línea 568

2022-11-11T19:42:46+00:00 CRITICAL Uncaught Error: Call to undefined function seva_get_fonts() in C:\wamp64\www\wordpress\wp-content\themes\rara-ecommerce\inc\custom-functions.php:568
Stack trace:
#0 C:\wamp64\www\wordpress\wp-includes\class-wp-hook.php(307): rara_ecommerce_dynamic_mce_css_ajax_callback('')
#1 C:\wamp64\www\wordpress\wp-includes\class-wp-hook.php(331): WP_Hook->apply_filters('', Array)
#2 C:\wamp64\www\wordpress\wp-includes\plugin.php(476): WP_Hook->do_action(Array)
#3 C:\wamp64\www\wordpress\wp-admin\admin-ajax.php(187): do_action('wp_ajax_rara_ec...')
#4 {main}
  thrown en C:\wamp64\www\wordpress\wp-content\themes\rara-ecommerce\inc\custom-functions.php en la línea 568

2022-11-11T19:46:47+00:00 CRITICAL Uncaught Error: Call to undefined function seva_get_fonts() in C:\wamp64\www\wordpress\wp-content\themes\rara-ecommerce\inc\custom-functions.php:568
Stack trace:
#0 C:\wamp64\www\wordpress\wp-includes\class-wp-hook.php(307): rara_ecommerce_dynamic_mce_css_ajax_callback('')
#1 C:\wamp64\www\wordpress\wp-includes\class-wp-hook.php(331): WP_Hook->apply_filters('', Array)
#2 C:\wamp64\www\wordpress\wp-includes\plugin.php(476): WP_Hook->do_action(Array)
#3 C:\wamp64\www\wordpress\wp-admin\admin-ajax.php(187): do_action('wp_ajax_rara_ec...')
#4 {main}
  thrown en C:\wamp64\www\wordpress\wp-content\themes\rara-ecommerce\inc\custom-functions.php en la línea 568

2022-11-11T19:47:04+00:00 CRITICAL Uncaught Error: Call to undefined function seva_get_fonts() in C:\wamp64\www\wordpress\wp-content\themes\rara-ecommerce\inc\custom-functions.php:568
Stack trace:
#0 C:\wamp64\www\wordpress\wp-includes\class-wp-hook.php(307): rara_ecommerce_dynamic_mce_css_ajax_callback('')
#1 C:\wamp64\www\wordpress\wp-includes\class-wp-hook.php(331): WP_Hook->apply_filters('', Array)
#2 C:\wamp64\www\wordpress\wp-includes\plugin.php(476): WP_Hook->do_action(Array)
#3 C:\wamp64\www\wordpress\wp-admin\admin-ajax.php(187): do_action('wp_ajax_rara_ec...')
#4 {main}
  thrown en C:\wamp64\www\wordpress\wp-content\themes\rara-ecommerce\inc\custom-functions.php en la línea 568

2022-11-11T20:14:59+00:00 CRITICAL Uncaught Error: Call to undefined function seva_get_fonts() in C:\wamp64\www\wordpress\wp-content\themes\rara-ecommerce\inc\custom-functions.php:568
Stack trace:
#0 C:\wamp64\www\wordpress\wp-includes\class-wp-hook.php(307): rara_ecommerce_dynamic_mce_css_ajax_callback('')
#1 C:\wamp64\www\wordpress\wp-includes\class-wp-hook.php(331): WP_Hook->apply_filters('', Array)
#2 C:\wamp64\www\wordpress\wp-includes\plugin.php(476): WP_Hook->do_action(Array)
#3 C:\wamp64\www\wordpress\wp-admin\admin-ajax.php(187): do_action('wp_ajax_rara_ec...')
#4 {main}
  thrown en C:\wamp64\www\wordpress\wp-content\themes\rara-ecommerce\inc\custom-functions.php en la línea 568

2022-11-11T20:15:05+00:00 CRITICAL Uncaught Error: Call to undefined function seva_get_fonts() in C:\wamp64\www\wordpress\wp-content\themes\rara-ecommerce\inc\custom-functions.php:568
Stack trace:
#0 C:\wamp64\www\wordpress\wp-includes\class-wp-hook.php(307): rara_ecommerce_dynamic_mce_css_ajax_callback('')
#1 C:\wamp64\www\wordpress\wp-includes\class-wp-hook.php(331): WP_Hook->apply_filters('', Array)
#2 C:\wamp64\www\wordpress\wp-includes\plugin.php(476): WP_Hook->do_action(Array)
#3 C:\wamp64\www\wordpress\wp-admin\admin-ajax.php(187): do_action('wp_ajax_rara_ec...')
#4 {main}
  thrown en C:\wamp64\www\wordpress\wp-content\themes\rara-ecommerce\inc\custom-functions.php en la línea 568

2022-11-11T20:19:53+00:00 CRITICAL Uncaught Error: Call to undefined function seva_get_fonts() in C:\wamp64\www\wordpress\wp-content\themes\rara-ecommerce\inc\custom-functions.php:568
Stack trace:
#0 C:\wamp64\www\wordpress\wp-includes\class-wp-hook.php(307): rara_ecommerce_dynamic_mce_css_ajax_callback('')
#1 C:\wamp64\www\wordpress\wp-includes\class-wp-hook.php(331): WP_Hook->apply_filters('', Array)
#2 C:\wamp64\www\wordpress\wp-includes\plugin.php(476): WP_Hook->do_action(Array)
#3 C:\wamp64\www\wordpress\wp-admin\admin-ajax.php(187): do_action('wp_ajax_rara_ec...')
#4 {main}
  thrown en C:\wamp64\www\wordpress\wp-content\themes\rara-ecommerce\inc\custom-functions.php en la línea 568

2022-11-11T20:20:04+00:00 CRITICAL Uncaught Error: Call to undefined function seva_get_fonts() in C:\wamp64\www\wordpress\wp-content\themes\rara-ecommerce\inc\custom-functions.php:568
Stack trace:
#0 C:\wamp64\www\wordpress\wp-includes\class-wp-hook.php(307): rara_ecommerce_dynamic_mce_css_ajax_callback('')
#1 C:\wamp64\www\wordpress\wp-includes\class-wp-hook.php(331): WP_Hook->apply_filters('', Array)
#2 C:\wamp64\www\wordpress\wp-includes\plugin.php(476): WP_Hook->do_action(Array)
#3 C:\wamp64\www\wordpress\wp-admin\admin-ajax.php(187): do_action('wp_ajax_rara_ec...')
#4 {main}
  thrown en C:\wamp64\www\wordpress\wp-content\themes\rara-ecommerce\inc\custom-functions.php en la línea 568

2022-11-11T20:26:18+00:00 CRITICAL Uncaught Error: Call to undefined function seva_get_fonts() in C:\wamp64\www\wordpress\wp-content\themes\rara-ecommerce\inc\custom-functions.php:568
Stack trace:
#0 C:\wamp64\www\wordpress\wp-includes\class-wp-hook.php(307): rara_ecommerce_dynamic_mce_css_ajax_callback('')
#1 C:\wamp64\www\wordpress\wp-includes\class-wp-hook.php(331): WP_Hook->apply_filters('', Array)
#2 C:\wamp64\www\wordpress\wp-includes\plugin.php(476): WP_Hook->do_action(Array)
#3 C:\wamp64\www\wordpress\wp-admin\admin-ajax.php(187): do_action('wp_ajax_rara_ec...')
#4 {main}
  thrown en C:\wamp64\www\wordpress\wp-content\themes\rara-ecommerce\inc\custom-functions.php en la línea 568

2022-11-11T20:26:24+00:00 CRITICAL Uncaught Error: Call to undefined function seva_get_fonts() in C:\wamp64\www\wordpress\wp-content\themes\rara-ecommerce\inc\custom-functions.php:568
Stack trace:
#0 C:\wamp64\www\wordpress\wp-includes\class-wp-hook.php(307): rara_ecommerce_dynamic_mce_css_ajax_callback('')
#1 C:\wamp64\www\wordpress\wp-includes\class-wp-hook.php(331): WP_Hook->apply_filters('', Array)
#2 C:\wamp64\www\wordpress\wp-includes\plugin.php(476): WP_Hook->do_action(Array)
#3 C:\wamp64\www\wordpress\wp-admin\admin-ajax.php(187): do_action('wp_ajax_rara_ec...')
#4 {main}
  thrown en C:\wamp64\www\wordpress\wp-content\themes\rara-ecommerce\inc\custom-functions.php en la línea 568

