2022-12-01T20:40:45+00:00 CRITICAL Uncaught Error: Call to undefined function seva_get_fonts() in C:\wamp64\www\wordpress\wp-content\themes\rara-ecommerce\inc\custom-functions.php:568
Stack trace:
#0 C:\wamp64\www\wordpress\wp-includes\class-wp-hook.php(307): rara_ecommerce_dynamic_mce_css_ajax_callback('')
#1 C:\wamp64\www\wordpress\wp-includes\class-wp-hook.php(331): WP_Hook->apply_filters('', Array)
#2 C:\wamp64\www\wordpress\wp-includes\plugin.php(476): WP_Hook->do_action(Array)
#3 C:\wamp64\www\wordpress\wp-admin\admin-ajax.php(187): do_action('wp_ajax_rara_ec...')
#4 {main}
  thrown en C:\wamp64\www\wordpress\wp-content\themes\rara-ecommerce\inc\custom-functions.php en la línea 568

2022-12-01T20:40:48+00:00 CRITICAL Uncaught Error: Call to undefined function seva_get_fonts() in C:\wamp64\www\wordpress\wp-content\themes\rara-ecommerce\inc\custom-functions.php:568
Stack trace:
#0 C:\wamp64\www\wordpress\wp-includes\class-wp-hook.php(307): rara_ecommerce_dynamic_mce_css_ajax_callback('')
#1 C:\wamp64\www\wordpress\wp-includes\class-wp-hook.php(331): WP_Hook->apply_filters('', Array)
#2 C:\wamp64\www\wordpress\wp-includes\plugin.php(476): WP_Hook->do_action(Array)
#3 C:\wamp64\www\wordpress\wp-admin\admin-ajax.php(187): do_action('wp_ajax_rara_ec...')
#4 {main}
  thrown en C:\wamp64\www\wordpress\wp-content\themes\rara-ecommerce\inc\custom-functions.php en la línea 568

2022-12-01T20:47:43+00:00 CRITICAL Uncaught Error: Call to undefined function seva_get_fonts() in C:\wamp64\www\wordpress\wp-content\themes\rara-ecommerce\inc\custom-functions.php:568
Stack trace:
#0 C:\wamp64\www\wordpress\wp-includes\class-wp-hook.php(307): rara_ecommerce_dynamic_mce_css_ajax_callback('')
#1 C:\wamp64\www\wordpress\wp-includes\class-wp-hook.php(331): WP_Hook->apply_filters('', Array)
#2 C:\wamp64\www\wordpress\wp-includes\plugin.php(476): WP_Hook->do_action(Array)
#3 C:\wamp64\www\wordpress\wp-admin\admin-ajax.php(187): do_action('wp_ajax_rara_ec...')
#4 {main}
  thrown en C:\wamp64\www\wordpress\wp-content\themes\rara-ecommerce\inc\custom-functions.php en la línea 568

2022-12-01T20:47:45+00:00 CRITICAL Uncaught Error: Call to undefined function seva_get_fonts() in C:\wamp64\www\wordpress\wp-content\themes\rara-ecommerce\inc\custom-functions.php:568
Stack trace:
#0 C:\wamp64\www\wordpress\wp-includes\class-wp-hook.php(307): rara_ecommerce_dynamic_mce_css_ajax_callback('')
#1 C:\wamp64\www\wordpress\wp-includes\class-wp-hook.php(331): WP_Hook->apply_filters('', Array)
#2 C:\wamp64\www\wordpress\wp-includes\plugin.php(476): WP_Hook->do_action(Array)
#3 C:\wamp64\www\wordpress\wp-admin\admin-ajax.php(187): do_action('wp_ajax_rara_ec...')
#4 {main}
  thrown en C:\wamp64\www\wordpress\wp-content\themes\rara-ecommerce\inc\custom-functions.php en la línea 568

2022-12-01T23:04:34+00:00 CRITICAL Uncaught Error: Call to undefined function seva_get_fonts() in C:\wamp64\www\wordpress\wp-content\themes\rara-ecommerce\inc\custom-functions.php:568
Stack trace:
#0 C:\wamp64\www\wordpress\wp-includes\class-wp-hook.php(307): rara_ecommerce_dynamic_mce_css_ajax_callback('')
#1 C:\wamp64\www\wordpress\wp-includes\class-wp-hook.php(331): WP_Hook->apply_filters('', Array)
#2 C:\wamp64\www\wordpress\wp-includes\plugin.php(476): WP_Hook->do_action(Array)
#3 C:\wamp64\www\wordpress\wp-admin\admin-ajax.php(187): do_action('wp_ajax_rara_ec...')
#4 {main}
  thrown en C:\wamp64\www\wordpress\wp-content\themes\rara-ecommerce\inc\custom-functions.php en la línea 568

2022-12-01T23:04:35+00:00 CRITICAL Uncaught Error: Call to undefined function seva_get_fonts() in C:\wamp64\www\wordpress\wp-content\themes\rara-ecommerce\inc\custom-functions.php:568
Stack trace:
#0 C:\wamp64\www\wordpress\wp-includes\class-wp-hook.php(307): rara_ecommerce_dynamic_mce_css_ajax_callback('')
#1 C:\wamp64\www\wordpress\wp-includes\class-wp-hook.php(331): WP_Hook->apply_filters('', Array)
#2 C:\wamp64\www\wordpress\wp-includes\plugin.php(476): WP_Hook->do_action(Array)
#3 C:\wamp64\www\wordpress\wp-admin\admin-ajax.php(187): do_action('wp_ajax_rara_ec...')
#4 {main}
  thrown en C:\wamp64\www\wordpress\wp-content\themes\rara-ecommerce\inc\custom-functions.php en la línea 568

2022-12-01T23:05:11+00:00 CRITICAL Uncaught Error: Call to undefined function seva_get_fonts() in C:\wamp64\www\wordpress\wp-content\themes\rara-ecommerce\inc\custom-functions.php:568
Stack trace:
#0 C:\wamp64\www\wordpress\wp-includes\class-wp-hook.php(307): rara_ecommerce_dynamic_mce_css_ajax_callback('')
#1 C:\wamp64\www\wordpress\wp-includes\class-wp-hook.php(331): WP_Hook->apply_filters('', Array)
#2 C:\wamp64\www\wordpress\wp-includes\plugin.php(476): WP_Hook->do_action(Array)
#3 C:\wamp64\www\wordpress\wp-admin\admin-ajax.php(187): do_action('wp_ajax_rara_ec...')
#4 {main}
  thrown en C:\wamp64\www\wordpress\wp-content\themes\rara-ecommerce\inc\custom-functions.php en la línea 568

2022-12-01T23:05:12+00:00 CRITICAL Uncaught Error: Call to undefined function seva_get_fonts() in C:\wamp64\www\wordpress\wp-content\themes\rara-ecommerce\inc\custom-functions.php:568
Stack trace:
#0 C:\wamp64\www\wordpress\wp-includes\class-wp-hook.php(307): rara_ecommerce_dynamic_mce_css_ajax_callback('')
#1 C:\wamp64\www\wordpress\wp-includes\class-wp-hook.php(331): WP_Hook->apply_filters('', Array)
#2 C:\wamp64\www\wordpress\wp-includes\plugin.php(476): WP_Hook->do_action(Array)
#3 C:\wamp64\www\wordpress\wp-admin\admin-ajax.php(187): do_action('wp_ajax_rara_ec...')
#4 {main}
  thrown en C:\wamp64\www\wordpress\wp-content\themes\rara-ecommerce\inc\custom-functions.php en la línea 568

2022-12-01T23:05:34+00:00 CRITICAL Uncaught Error: Call to undefined function seva_get_fonts() in C:\wamp64\www\wordpress\wp-content\themes\rara-ecommerce\inc\custom-functions.php:568
Stack trace:
#0 C:\wamp64\www\wordpress\wp-includes\class-wp-hook.php(307): rara_ecommerce_dynamic_mce_css_ajax_callback('')
#1 C:\wamp64\www\wordpress\wp-includes\class-wp-hook.php(331): WP_Hook->apply_filters('', Array)
#2 C:\wamp64\www\wordpress\wp-includes\plugin.php(476): WP_Hook->do_action(Array)
#3 C:\wamp64\www\wordpress\wp-admin\admin-ajax.php(187): do_action('wp_ajax_rara_ec...')
#4 {main}
  thrown en C:\wamp64\www\wordpress\wp-content\themes\rara-ecommerce\inc\custom-functions.php en la línea 568

2022-12-01T23:05:36+00:00 CRITICAL Uncaught Error: Call to undefined function seva_get_fonts() in C:\wamp64\www\wordpress\wp-content\themes\rara-ecommerce\inc\custom-functions.php:568
Stack trace:
#0 C:\wamp64\www\wordpress\wp-includes\class-wp-hook.php(307): rara_ecommerce_dynamic_mce_css_ajax_callback('')
#1 C:\wamp64\www\wordpress\wp-includes\class-wp-hook.php(331): WP_Hook->apply_filters('', Array)
#2 C:\wamp64\www\wordpress\wp-includes\plugin.php(476): WP_Hook->do_action(Array)
#3 C:\wamp64\www\wordpress\wp-admin\admin-ajax.php(187): do_action('wp_ajax_rara_ec...')
#4 {main}
  thrown en C:\wamp64\www\wordpress\wp-content\themes\rara-ecommerce\inc\custom-functions.php en la línea 568

2022-12-01T23:14:15+00:00 CRITICAL Uncaught Error: Call to undefined function seva_get_fonts() in C:\wamp64\www\wordpress\wp-content\themes\rara-ecommerce\inc\custom-functions.php:568
Stack trace:
#0 C:\wamp64\www\wordpress\wp-includes\class-wp-hook.php(307): rara_ecommerce_dynamic_mce_css_ajax_callback('')
#1 C:\wamp64\www\wordpress\wp-includes\class-wp-hook.php(331): WP_Hook->apply_filters('', Array)
#2 C:\wamp64\www\wordpress\wp-includes\plugin.php(476): WP_Hook->do_action(Array)
#3 C:\wamp64\www\wordpress\wp-admin\admin-ajax.php(187): do_action('wp_ajax_rara_ec...')
#4 {main}
  thrown en C:\wamp64\www\wordpress\wp-content\themes\rara-ecommerce\inc\custom-functions.php en la línea 568

2022-12-01T23:14:18+00:00 CRITICAL Uncaught Error: Call to undefined function seva_get_fonts() in C:\wamp64\www\wordpress\wp-content\themes\rara-ecommerce\inc\custom-functions.php:568
Stack trace:
#0 C:\wamp64\www\wordpress\wp-includes\class-wp-hook.php(307): rara_ecommerce_dynamic_mce_css_ajax_callback('')
#1 C:\wamp64\www\wordpress\wp-includes\class-wp-hook.php(331): WP_Hook->apply_filters('', Array)
#2 C:\wamp64\www\wordpress\wp-includes\plugin.php(476): WP_Hook->do_action(Array)
#3 C:\wamp64\www\wordpress\wp-admin\admin-ajax.php(187): do_action('wp_ajax_rara_ec...')
#4 {main}
  thrown en C:\wamp64\www\wordpress\wp-content\themes\rara-ecommerce\inc\custom-functions.php en la línea 568

2022-12-01T23:27:51+00:00 CRITICAL Uncaught Error: Call to undefined function seva_get_fonts() in C:\wamp64\www\wordpress\wp-content\themes\rara-ecommerce\inc\custom-functions.php:568
Stack trace:
#0 C:\wamp64\www\wordpress\wp-includes\class-wp-hook.php(307): rara_ecommerce_dynamic_mce_css_ajax_callback('')
#1 C:\wamp64\www\wordpress\wp-includes\class-wp-hook.php(331): WP_Hook->apply_filters('', Array)
#2 C:\wamp64\www\wordpress\wp-includes\plugin.php(476): WP_Hook->do_action(Array)
#3 C:\wamp64\www\wordpress\wp-admin\admin-ajax.php(187): do_action('wp_ajax_rara_ec...')
#4 {main}
  thrown en C:\wamp64\www\wordpress\wp-content\themes\rara-ecommerce\inc\custom-functions.php en la línea 568

2022-12-01T23:27:54+00:00 CRITICAL Uncaught Error: Call to undefined function seva_get_fonts() in C:\wamp64\www\wordpress\wp-content\themes\rara-ecommerce\inc\custom-functions.php:568
Stack trace:
#0 C:\wamp64\www\wordpress\wp-includes\class-wp-hook.php(307): rara_ecommerce_dynamic_mce_css_ajax_callback('')
#1 C:\wamp64\www\wordpress\wp-includes\class-wp-hook.php(331): WP_Hook->apply_filters('', Array)
#2 C:\wamp64\www\wordpress\wp-includes\plugin.php(476): WP_Hook->do_action(Array)
#3 C:\wamp64\www\wordpress\wp-admin\admin-ajax.php(187): do_action('wp_ajax_rara_ec...')
#4 {main}
  thrown en C:\wamp64\www\wordpress\wp-content\themes\rara-ecommerce\inc\custom-functions.php en la línea 568

2022-12-01T23:28:38+00:00 CRITICAL Uncaught Error: Call to undefined function seva_get_fonts() in C:\wamp64\www\wordpress\wp-content\themes\rara-ecommerce\inc\custom-functions.php:568
Stack trace:
#0 C:\wamp64\www\wordpress\wp-includes\class-wp-hook.php(307): rara_ecommerce_dynamic_mce_css_ajax_callback('')
#1 C:\wamp64\www\wordpress\wp-includes\class-wp-hook.php(331): WP_Hook->apply_filters('', Array)
#2 C:\wamp64\www\wordpress\wp-includes\plugin.php(476): WP_Hook->do_action(Array)
#3 C:\wamp64\www\wordpress\wp-admin\admin-ajax.php(187): do_action('wp_ajax_rara_ec...')
#4 {main}
  thrown en C:\wamp64\www\wordpress\wp-content\themes\rara-ecommerce\inc\custom-functions.php en la línea 568

2022-12-01T23:28:40+00:00 CRITICAL Uncaught Error: Call to undefined function seva_get_fonts() in C:\wamp64\www\wordpress\wp-content\themes\rara-ecommerce\inc\custom-functions.php:568
Stack trace:
#0 C:\wamp64\www\wordpress\wp-includes\class-wp-hook.php(307): rara_ecommerce_dynamic_mce_css_ajax_callback('')
#1 C:\wamp64\www\wordpress\wp-includes\class-wp-hook.php(331): WP_Hook->apply_filters('', Array)
#2 C:\wamp64\www\wordpress\wp-includes\plugin.php(476): WP_Hook->do_action(Array)
#3 C:\wamp64\www\wordpress\wp-admin\admin-ajax.php(187): do_action('wp_ajax_rara_ec...')
#4 {main}
  thrown en C:\wamp64\www\wordpress\wp-content\themes\rara-ecommerce\inc\custom-functions.php en la línea 568

2022-12-01T23:47:43+00:00 CRITICAL Uncaught Error: Call to undefined function seva_get_fonts() in C:\wamp64\www\wordpress\wp-content\themes\rara-ecommerce\inc\custom-functions.php:568
Stack trace:
#0 C:\wamp64\www\wordpress\wp-includes\class-wp-hook.php(307): rara_ecommerce_dynamic_mce_css_ajax_callback('')
#1 C:\wamp64\www\wordpress\wp-includes\class-wp-hook.php(331): WP_Hook->apply_filters('', Array)
#2 C:\wamp64\www\wordpress\wp-includes\plugin.php(476): WP_Hook->do_action(Array)
#3 C:\wamp64\www\wordpress\wp-admin\admin-ajax.php(187): do_action('wp_ajax_rara_ec...')
#4 {main}
  thrown en C:\wamp64\www\wordpress\wp-content\themes\rara-ecommerce\inc\custom-functions.php en la línea 568

2022-12-01T23:47:45+00:00 CRITICAL Uncaught Error: Call to undefined function seva_get_fonts() in C:\wamp64\www\wordpress\wp-content\themes\rara-ecommerce\inc\custom-functions.php:568
Stack trace:
#0 C:\wamp64\www\wordpress\wp-includes\class-wp-hook.php(307): rara_ecommerce_dynamic_mce_css_ajax_callback('')
#1 C:\wamp64\www\wordpress\wp-includes\class-wp-hook.php(331): WP_Hook->apply_filters('', Array)
#2 C:\wamp64\www\wordpress\wp-includes\plugin.php(476): WP_Hook->do_action(Array)
#3 C:\wamp64\www\wordpress\wp-admin\admin-ajax.php(187): do_action('wp_ajax_rara_ec...')
#4 {main}
  thrown en C:\wamp64\www\wordpress\wp-content\themes\rara-ecommerce\inc\custom-functions.php en la línea 568

2022-12-01T23:53:28+00:00 CRITICAL Uncaught Error: Call to undefined function seva_get_fonts() in C:\wamp64\www\wordpress\wp-content\themes\rara-ecommerce\inc\custom-functions.php:568
Stack trace:
#0 C:\wamp64\www\wordpress\wp-includes\class-wp-hook.php(307): rara_ecommerce_dynamic_mce_css_ajax_callback('')
#1 C:\wamp64\www\wordpress\wp-includes\class-wp-hook.php(331): WP_Hook->apply_filters('', Array)
#2 C:\wamp64\www\wordpress\wp-includes\plugin.php(476): WP_Hook->do_action(Array)
#3 C:\wamp64\www\wordpress\wp-admin\admin-ajax.php(187): do_action('wp_ajax_rara_ec...')
#4 {main}
  thrown en C:\wamp64\www\wordpress\wp-content\themes\rara-ecommerce\inc\custom-functions.php en la línea 568

2022-12-01T23:53:29+00:00 CRITICAL Uncaught Error: Call to undefined function seva_get_fonts() in C:\wamp64\www\wordpress\wp-content\themes\rara-ecommerce\inc\custom-functions.php:568
Stack trace:
#0 C:\wamp64\www\wordpress\wp-includes\class-wp-hook.php(307): rara_ecommerce_dynamic_mce_css_ajax_callback('')
#1 C:\wamp64\www\wordpress\wp-includes\class-wp-hook.php(331): WP_Hook->apply_filters('', Array)
#2 C:\wamp64\www\wordpress\wp-includes\plugin.php(476): WP_Hook->do_action(Array)
#3 C:\wamp64\www\wordpress\wp-admin\admin-ajax.php(187): do_action('wp_ajax_rara_ec...')
#4 {main}
  thrown en C:\wamp64\www\wordpress\wp-content\themes\rara-ecommerce\inc\custom-functions.php en la línea 568

2022-12-01T23:55:56+00:00 CRITICAL Uncaught Error: Call to undefined function seva_get_fonts() in C:\wamp64\www\wordpress\wp-content\themes\rara-ecommerce\inc\custom-functions.php:568
Stack trace:
#0 C:\wamp64\www\wordpress\wp-includes\class-wp-hook.php(307): rara_ecommerce_dynamic_mce_css_ajax_callback('')
#1 C:\wamp64\www\wordpress\wp-includes\class-wp-hook.php(331): WP_Hook->apply_filters('', Array)
#2 C:\wamp64\www\wordpress\wp-includes\plugin.php(476): WP_Hook->do_action(Array)
#3 C:\wamp64\www\wordpress\wp-admin\admin-ajax.php(187): do_action('wp_ajax_rara_ec...')
#4 {main}
  thrown en C:\wamp64\www\wordpress\wp-content\themes\rara-ecommerce\inc\custom-functions.php en la línea 568

2022-12-01T23:55:58+00:00 CRITICAL Uncaught Error: Call to undefined function seva_get_fonts() in C:\wamp64\www\wordpress\wp-content\themes\rara-ecommerce\inc\custom-functions.php:568
Stack trace:
#0 C:\wamp64\www\wordpress\wp-includes\class-wp-hook.php(307): rara_ecommerce_dynamic_mce_css_ajax_callback('')
#1 C:\wamp64\www\wordpress\wp-includes\class-wp-hook.php(331): WP_Hook->apply_filters('', Array)
#2 C:\wamp64\www\wordpress\wp-includes\plugin.php(476): WP_Hook->do_action(Array)
#3 C:\wamp64\www\wordpress\wp-admin\admin-ajax.php(187): do_action('wp_ajax_rara_ec...')
#4 {main}
  thrown en C:\wamp64\www\wordpress\wp-content\themes\rara-ecommerce\inc\custom-functions.php en la línea 568

