2022-12-02T00:08:00+00:00 CRITICAL Uncaught Error: Call to undefined function seva_get_fonts() in C:\wamp64\www\wordpress\wp-content\themes\rara-ecommerce\inc\custom-functions.php:568
Stack trace:
#0 C:\wamp64\www\wordpress\wp-includes\class-wp-hook.php(307): rara_ecommerce_dynamic_mce_css_ajax_callback('')
#1 C:\wamp64\www\wordpress\wp-includes\class-wp-hook.php(331): WP_Hook->apply_filters('', Array)
#2 C:\wamp64\www\wordpress\wp-includes\plugin.php(476): WP_Hook->do_action(Array)
#3 C:\wamp64\www\wordpress\wp-admin\admin-ajax.php(187): do_action('wp_ajax_rara_ec...')
#4 {main}
  thrown en C:\wamp64\www\wordpress\wp-content\themes\rara-ecommerce\inc\custom-functions.php en la línea 568

2022-12-02T00:08:01+00:00 CRITICAL Uncaught Error: Call to undefined function seva_get_fonts() in C:\wamp64\www\wordpress\wp-content\themes\rara-ecommerce\inc\custom-functions.php:568
Stack trace:
#0 C:\wamp64\www\wordpress\wp-includes\class-wp-hook.php(307): rara_ecommerce_dynamic_mce_css_ajax_callback('')
#1 C:\wamp64\www\wordpress\wp-includes\class-wp-hook.php(331): WP_Hook->apply_filters('', Array)
#2 C:\wamp64\www\wordpress\wp-includes\plugin.php(476): WP_Hook->do_action(Array)
#3 C:\wamp64\www\wordpress\wp-admin\admin-ajax.php(187): do_action('wp_ajax_rara_ec...')
#4 {main}
  thrown en C:\wamp64\www\wordpress\wp-content\themes\rara-ecommerce\inc\custom-functions.php en la línea 568

2022-12-02T00:09:46+00:00 CRITICAL Uncaught Error: Call to undefined function seva_get_fonts() in C:\wamp64\www\wordpress\wp-content\themes\rara-ecommerce\inc\custom-functions.php:568
Stack trace:
#0 C:\wamp64\www\wordpress\wp-includes\class-wp-hook.php(307): rara_ecommerce_dynamic_mce_css_ajax_callback('')
#1 C:\wamp64\www\wordpress\wp-includes\class-wp-hook.php(331): WP_Hook->apply_filters('', Array)
#2 C:\wamp64\www\wordpress\wp-includes\plugin.php(476): WP_Hook->do_action(Array)
#3 C:\wamp64\www\wordpress\wp-admin\admin-ajax.php(187): do_action('wp_ajax_rara_ec...')
#4 {main}
  thrown en C:\wamp64\www\wordpress\wp-content\themes\rara-ecommerce\inc\custom-functions.php en la línea 568

2022-12-02T00:09:47+00:00 CRITICAL Uncaught Error: Call to undefined function seva_get_fonts() in C:\wamp64\www\wordpress\wp-content\themes\rara-ecommerce\inc\custom-functions.php:568
Stack trace:
#0 C:\wamp64\www\wordpress\wp-includes\class-wp-hook.php(307): rara_ecommerce_dynamic_mce_css_ajax_callback('')
#1 C:\wamp64\www\wordpress\wp-includes\class-wp-hook.php(331): WP_Hook->apply_filters('', Array)
#2 C:\wamp64\www\wordpress\wp-includes\plugin.php(476): WP_Hook->do_action(Array)
#3 C:\wamp64\www\wordpress\wp-admin\admin-ajax.php(187): do_action('wp_ajax_rara_ec...')
#4 {main}
  thrown en C:\wamp64\www\wordpress\wp-content\themes\rara-ecommerce\inc\custom-functions.php en la línea 568

2022-12-02T00:12:40+00:00 CRITICAL Uncaught Error: Call to undefined function seva_get_fonts() in C:\wamp64\www\wordpress\wp-content\themes\rara-ecommerce\inc\custom-functions.php:568
Stack trace:
#0 C:\wamp64\www\wordpress\wp-includes\class-wp-hook.php(307): rara_ecommerce_dynamic_mce_css_ajax_callback('')
#1 C:\wamp64\www\wordpress\wp-includes\class-wp-hook.php(331): WP_Hook->apply_filters('', Array)
#2 C:\wamp64\www\wordpress\wp-includes\plugin.php(476): WP_Hook->do_action(Array)
#3 C:\wamp64\www\wordpress\wp-admin\admin-ajax.php(187): do_action('wp_ajax_rara_ec...')
#4 {main}
  thrown en C:\wamp64\www\wordpress\wp-content\themes\rara-ecommerce\inc\custom-functions.php en la línea 568

2022-12-02T00:12:42+00:00 CRITICAL Uncaught Error: Call to undefined function seva_get_fonts() in C:\wamp64\www\wordpress\wp-content\themes\rara-ecommerce\inc\custom-functions.php:568
Stack trace:
#0 C:\wamp64\www\wordpress\wp-includes\class-wp-hook.php(307): rara_ecommerce_dynamic_mce_css_ajax_callback('')
#1 C:\wamp64\www\wordpress\wp-includes\class-wp-hook.php(331): WP_Hook->apply_filters('', Array)
#2 C:\wamp64\www\wordpress\wp-includes\plugin.php(476): WP_Hook->do_action(Array)
#3 C:\wamp64\www\wordpress\wp-admin\admin-ajax.php(187): do_action('wp_ajax_rara_ec...')
#4 {main}
  thrown en C:\wamp64\www\wordpress\wp-content\themes\rara-ecommerce\inc\custom-functions.php en la línea 568

2022-12-02T00:13:19+00:00 CRITICAL Uncaught Error: Call to undefined function seva_get_fonts() in C:\wamp64\www\wordpress\wp-content\themes\rara-ecommerce\inc\custom-functions.php:568
Stack trace:
#0 C:\wamp64\www\wordpress\wp-includes\class-wp-hook.php(307): rara_ecommerce_dynamic_mce_css_ajax_callback('')
#1 C:\wamp64\www\wordpress\wp-includes\class-wp-hook.php(331): WP_Hook->apply_filters('', Array)
#2 C:\wamp64\www\wordpress\wp-includes\plugin.php(476): WP_Hook->do_action(Array)
#3 C:\wamp64\www\wordpress\wp-admin\admin-ajax.php(187): do_action('wp_ajax_rara_ec...')
#4 {main}
  thrown en C:\wamp64\www\wordpress\wp-content\themes\rara-ecommerce\inc\custom-functions.php en la línea 568

2022-12-02T00:13:21+00:00 CRITICAL Uncaught Error: Call to undefined function seva_get_fonts() in C:\wamp64\www\wordpress\wp-content\themes\rara-ecommerce\inc\custom-functions.php:568
Stack trace:
#0 C:\wamp64\www\wordpress\wp-includes\class-wp-hook.php(307): rara_ecommerce_dynamic_mce_css_ajax_callback('')
#1 C:\wamp64\www\wordpress\wp-includes\class-wp-hook.php(331): WP_Hook->apply_filters('', Array)
#2 C:\wamp64\www\wordpress\wp-includes\plugin.php(476): WP_Hook->do_action(Array)
#3 C:\wamp64\www\wordpress\wp-admin\admin-ajax.php(187): do_action('wp_ajax_rara_ec...')
#4 {main}
  thrown en C:\wamp64\www\wordpress\wp-content\themes\rara-ecommerce\inc\custom-functions.php en la línea 568

2022-12-02T00:30:39+00:00 CRITICAL Uncaught Error: Call to undefined function seva_get_fonts() in C:\wamp64\www\wordpress\wp-content\themes\rara-ecommerce\inc\custom-functions.php:568
Stack trace:
#0 C:\wamp64\www\wordpress\wp-includes\class-wp-hook.php(307): rara_ecommerce_dynamic_mce_css_ajax_callback('')
#1 C:\wamp64\www\wordpress\wp-includes\class-wp-hook.php(331): WP_Hook->apply_filters('', Array)
#2 C:\wamp64\www\wordpress\wp-includes\plugin.php(476): WP_Hook->do_action(Array)
#3 C:\wamp64\www\wordpress\wp-admin\admin-ajax.php(187): do_action('wp_ajax_rara_ec...')
#4 {main}
  thrown en C:\wamp64\www\wordpress\wp-content\themes\rara-ecommerce\inc\custom-functions.php en la línea 568

2022-12-02T00:30:41+00:00 CRITICAL Uncaught Error: Call to undefined function seva_get_fonts() in C:\wamp64\www\wordpress\wp-content\themes\rara-ecommerce\inc\custom-functions.php:568
Stack trace:
#0 C:\wamp64\www\wordpress\wp-includes\class-wp-hook.php(307): rara_ecommerce_dynamic_mce_css_ajax_callback('')
#1 C:\wamp64\www\wordpress\wp-includes\class-wp-hook.php(331): WP_Hook->apply_filters('', Array)
#2 C:\wamp64\www\wordpress\wp-includes\plugin.php(476): WP_Hook->do_action(Array)
#3 C:\wamp64\www\wordpress\wp-admin\admin-ajax.php(187): do_action('wp_ajax_rara_ec...')
#4 {main}
  thrown en C:\wamp64\www\wordpress\wp-content\themes\rara-ecommerce\inc\custom-functions.php en la línea 568

2022-12-02T00:34:28+00:00 CRITICAL Uncaught Error: Call to undefined function seva_get_fonts() in C:\wamp64\www\wordpress\wp-content\themes\rara-ecommerce\inc\custom-functions.php:568
Stack trace:
#0 C:\wamp64\www\wordpress\wp-includes\class-wp-hook.php(307): rara_ecommerce_dynamic_mce_css_ajax_callback('')
#1 C:\wamp64\www\wordpress\wp-includes\class-wp-hook.php(331): WP_Hook->apply_filters('', Array)
#2 C:\wamp64\www\wordpress\wp-includes\plugin.php(476): WP_Hook->do_action(Array)
#3 C:\wamp64\www\wordpress\wp-admin\admin-ajax.php(187): do_action('wp_ajax_rara_ec...')
#4 {main}
  thrown en C:\wamp64\www\wordpress\wp-content\themes\rara-ecommerce\inc\custom-functions.php en la línea 568

2022-12-02T00:34:29+00:00 CRITICAL Uncaught Error: Call to undefined function seva_get_fonts() in C:\wamp64\www\wordpress\wp-content\themes\rara-ecommerce\inc\custom-functions.php:568
Stack trace:
#0 C:\wamp64\www\wordpress\wp-includes\class-wp-hook.php(307): rara_ecommerce_dynamic_mce_css_ajax_callback('')
#1 C:\wamp64\www\wordpress\wp-includes\class-wp-hook.php(331): WP_Hook->apply_filters('', Array)
#2 C:\wamp64\www\wordpress\wp-includes\plugin.php(476): WP_Hook->do_action(Array)
#3 C:\wamp64\www\wordpress\wp-admin\admin-ajax.php(187): do_action('wp_ajax_rara_ec...')
#4 {main}
  thrown en C:\wamp64\www\wordpress\wp-content\themes\rara-ecommerce\inc\custom-functions.php en la línea 568

2022-12-02T00:34:50+00:00 CRITICAL Uncaught Error: Call to undefined function seva_get_fonts() in C:\wamp64\www\wordpress\wp-content\themes\rara-ecommerce\inc\custom-functions.php:568
Stack trace:
#0 C:\wamp64\www\wordpress\wp-includes\class-wp-hook.php(307): rara_ecommerce_dynamic_mce_css_ajax_callback('')
#1 C:\wamp64\www\wordpress\wp-includes\class-wp-hook.php(331): WP_Hook->apply_filters('', Array)
#2 C:\wamp64\www\wordpress\wp-includes\plugin.php(476): WP_Hook->do_action(Array)
#3 C:\wamp64\www\wordpress\wp-admin\admin-ajax.php(187): do_action('wp_ajax_rara_ec...')
#4 {main}
  thrown en C:\wamp64\www\wordpress\wp-content\themes\rara-ecommerce\inc\custom-functions.php en la línea 568

2022-12-02T00:34:51+00:00 CRITICAL Uncaught Error: Call to undefined function seva_get_fonts() in C:\wamp64\www\wordpress\wp-content\themes\rara-ecommerce\inc\custom-functions.php:568
Stack trace:
#0 C:\wamp64\www\wordpress\wp-includes\class-wp-hook.php(307): rara_ecommerce_dynamic_mce_css_ajax_callback('')
#1 C:\wamp64\www\wordpress\wp-includes\class-wp-hook.php(331): WP_Hook->apply_filters('', Array)
#2 C:\wamp64\www\wordpress\wp-includes\plugin.php(476): WP_Hook->do_action(Array)
#3 C:\wamp64\www\wordpress\wp-admin\admin-ajax.php(187): do_action('wp_ajax_rara_ec...')
#4 {main}
  thrown en C:\wamp64\www\wordpress\wp-content\themes\rara-ecommerce\inc\custom-functions.php en la línea 568

2022-12-02T00:38:43+00:00 CRITICAL Uncaught Error: Call to undefined function seva_get_fonts() in C:\wamp64\www\wordpress\wp-content\themes\rara-ecommerce\inc\custom-functions.php:568
Stack trace:
#0 C:\wamp64\www\wordpress\wp-includes\class-wp-hook.php(307): rara_ecommerce_dynamic_mce_css_ajax_callback('')
#1 C:\wamp64\www\wordpress\wp-includes\class-wp-hook.php(331): WP_Hook->apply_filters('', Array)
#2 C:\wamp64\www\wordpress\wp-includes\plugin.php(476): WP_Hook->do_action(Array)
#3 C:\wamp64\www\wordpress\wp-admin\admin-ajax.php(187): do_action('wp_ajax_rara_ec...')
#4 {main}
  thrown en C:\wamp64\www\wordpress\wp-content\themes\rara-ecommerce\inc\custom-functions.php en la línea 568

2022-12-02T00:38:45+00:00 CRITICAL Uncaught Error: Call to undefined function seva_get_fonts() in C:\wamp64\www\wordpress\wp-content\themes\rara-ecommerce\inc\custom-functions.php:568
Stack trace:
#0 C:\wamp64\www\wordpress\wp-includes\class-wp-hook.php(307): rara_ecommerce_dynamic_mce_css_ajax_callback('')
#1 C:\wamp64\www\wordpress\wp-includes\class-wp-hook.php(331): WP_Hook->apply_filters('', Array)
#2 C:\wamp64\www\wordpress\wp-includes\plugin.php(476): WP_Hook->do_action(Array)
#3 C:\wamp64\www\wordpress\wp-admin\admin-ajax.php(187): do_action('wp_ajax_rara_ec...')
#4 {main}
  thrown en C:\wamp64\www\wordpress\wp-content\themes\rara-ecommerce\inc\custom-functions.php en la línea 568

2022-12-02T00:39:42+00:00 CRITICAL Uncaught Error: Call to undefined function seva_get_fonts() in C:\wamp64\www\wordpress\wp-content\themes\rara-ecommerce\inc\custom-functions.php:568
Stack trace:
#0 C:\wamp64\www\wordpress\wp-includes\class-wp-hook.php(307): rara_ecommerce_dynamic_mce_css_ajax_callback('')
#1 C:\wamp64\www\wordpress\wp-includes\class-wp-hook.php(331): WP_Hook->apply_filters('', Array)
#2 C:\wamp64\www\wordpress\wp-includes\plugin.php(476): WP_Hook->do_action(Array)
#3 C:\wamp64\www\wordpress\wp-admin\admin-ajax.php(187): do_action('wp_ajax_rara_ec...')
#4 {main}
  thrown en C:\wamp64\www\wordpress\wp-content\themes\rara-ecommerce\inc\custom-functions.php en la línea 568

2022-12-02T00:39:43+00:00 CRITICAL Uncaught Error: Call to undefined function seva_get_fonts() in C:\wamp64\www\wordpress\wp-content\themes\rara-ecommerce\inc\custom-functions.php:568
Stack trace:
#0 C:\wamp64\www\wordpress\wp-includes\class-wp-hook.php(307): rara_ecommerce_dynamic_mce_css_ajax_callback('')
#1 C:\wamp64\www\wordpress\wp-includes\class-wp-hook.php(331): WP_Hook->apply_filters('', Array)
#2 C:\wamp64\www\wordpress\wp-includes\plugin.php(476): WP_Hook->do_action(Array)
#3 C:\wamp64\www\wordpress\wp-admin\admin-ajax.php(187): do_action('wp_ajax_rara_ec...')
#4 {main}
  thrown en C:\wamp64\www\wordpress\wp-content\themes\rara-ecommerce\inc\custom-functions.php en la línea 568

2022-12-02T00:43:25+00:00 CRITICAL Uncaught Error: Call to undefined function seva_get_fonts() in C:\wamp64\www\wordpress\wp-content\themes\rara-ecommerce\inc\custom-functions.php:568
Stack trace:
#0 C:\wamp64\www\wordpress\wp-includes\class-wp-hook.php(307): rara_ecommerce_dynamic_mce_css_ajax_callback('')
#1 C:\wamp64\www\wordpress\wp-includes\class-wp-hook.php(331): WP_Hook->apply_filters('', Array)
#2 C:\wamp64\www\wordpress\wp-includes\plugin.php(476): WP_Hook->do_action(Array)
#3 C:\wamp64\www\wordpress\wp-admin\admin-ajax.php(187): do_action('wp_ajax_rara_ec...')
#4 {main}
  thrown en C:\wamp64\www\wordpress\wp-content\themes\rara-ecommerce\inc\custom-functions.php en la línea 568

2022-12-02T00:43:27+00:00 CRITICAL Uncaught Error: Call to undefined function seva_get_fonts() in C:\wamp64\www\wordpress\wp-content\themes\rara-ecommerce\inc\custom-functions.php:568
Stack trace:
#0 C:\wamp64\www\wordpress\wp-includes\class-wp-hook.php(307): rara_ecommerce_dynamic_mce_css_ajax_callback('')
#1 C:\wamp64\www\wordpress\wp-includes\class-wp-hook.php(331): WP_Hook->apply_filters('', Array)
#2 C:\wamp64\www\wordpress\wp-includes\plugin.php(476): WP_Hook->do_action(Array)
#3 C:\wamp64\www\wordpress\wp-admin\admin-ajax.php(187): do_action('wp_ajax_rara_ec...')
#4 {main}
  thrown en C:\wamp64\www\wordpress\wp-content\themes\rara-ecommerce\inc\custom-functions.php en la línea 568

2022-12-02T00:43:47+00:00 CRITICAL Uncaught Error: Call to undefined function seva_get_fonts() in C:\wamp64\www\wordpress\wp-content\themes\rara-ecommerce\inc\custom-functions.php:568
Stack trace:
#0 C:\wamp64\www\wordpress\wp-includes\class-wp-hook.php(307): rara_ecommerce_dynamic_mce_css_ajax_callback('')
#1 C:\wamp64\www\wordpress\wp-includes\class-wp-hook.php(331): WP_Hook->apply_filters('', Array)
#2 C:\wamp64\www\wordpress\wp-includes\plugin.php(476): WP_Hook->do_action(Array)
#3 C:\wamp64\www\wordpress\wp-admin\admin-ajax.php(187): do_action('wp_ajax_rara_ec...')
#4 {main}
  thrown en C:\wamp64\www\wordpress\wp-content\themes\rara-ecommerce\inc\custom-functions.php en la línea 568

2022-12-02T00:43:49+00:00 CRITICAL Uncaught Error: Call to undefined function seva_get_fonts() in C:\wamp64\www\wordpress\wp-content\themes\rara-ecommerce\inc\custom-functions.php:568
Stack trace:
#0 C:\wamp64\www\wordpress\wp-includes\class-wp-hook.php(307): rara_ecommerce_dynamic_mce_css_ajax_callback('')
#1 C:\wamp64\www\wordpress\wp-includes\class-wp-hook.php(331): WP_Hook->apply_filters('', Array)
#2 C:\wamp64\www\wordpress\wp-includes\plugin.php(476): WP_Hook->do_action(Array)
#3 C:\wamp64\www\wordpress\wp-admin\admin-ajax.php(187): do_action('wp_ajax_rara_ec...')
#4 {main}
  thrown en C:\wamp64\www\wordpress\wp-content\themes\rara-ecommerce\inc\custom-functions.php en la línea 568

2022-12-02T00:44:22+00:00 CRITICAL Uncaught Error: Call to undefined function seva_get_fonts() in C:\wamp64\www\wordpress\wp-content\themes\rara-ecommerce\inc\custom-functions.php:568
Stack trace:
#0 C:\wamp64\www\wordpress\wp-includes\class-wp-hook.php(307): rara_ecommerce_dynamic_mce_css_ajax_callback('')
#1 C:\wamp64\www\wordpress\wp-includes\class-wp-hook.php(331): WP_Hook->apply_filters('', Array)
#2 C:\wamp64\www\wordpress\wp-includes\plugin.php(476): WP_Hook->do_action(Array)
#3 C:\wamp64\www\wordpress\wp-admin\admin-ajax.php(187): do_action('wp_ajax_rara_ec...')
#4 {main}
  thrown en C:\wamp64\www\wordpress\wp-content\themes\rara-ecommerce\inc\custom-functions.php en la línea 568

2022-12-02T00:44:24+00:00 CRITICAL Uncaught Error: Call to undefined function seva_get_fonts() in C:\wamp64\www\wordpress\wp-content\themes\rara-ecommerce\inc\custom-functions.php:568
Stack trace:
#0 C:\wamp64\www\wordpress\wp-includes\class-wp-hook.php(307): rara_ecommerce_dynamic_mce_css_ajax_callback('')
#1 C:\wamp64\www\wordpress\wp-includes\class-wp-hook.php(331): WP_Hook->apply_filters('', Array)
#2 C:\wamp64\www\wordpress\wp-includes\plugin.php(476): WP_Hook->do_action(Array)
#3 C:\wamp64\www\wordpress\wp-admin\admin-ajax.php(187): do_action('wp_ajax_rara_ec...')
#4 {main}
  thrown en C:\wamp64\www\wordpress\wp-content\themes\rara-ecommerce\inc\custom-functions.php en la línea 568

2022-12-02T00:47:37+00:00 CRITICAL Uncaught Error: Call to undefined function seva_get_fonts() in C:\wamp64\www\wordpress\wp-content\themes\rara-ecommerce\inc\custom-functions.php:568
Stack trace:
#0 C:\wamp64\www\wordpress\wp-includes\class-wp-hook.php(307): rara_ecommerce_dynamic_mce_css_ajax_callback('')
#1 C:\wamp64\www\wordpress\wp-includes\class-wp-hook.php(331): WP_Hook->apply_filters('', Array)
#2 C:\wamp64\www\wordpress\wp-includes\plugin.php(476): WP_Hook->do_action(Array)
#3 C:\wamp64\www\wordpress\wp-admin\admin-ajax.php(187): do_action('wp_ajax_rara_ec...')
#4 {main}
  thrown en C:\wamp64\www\wordpress\wp-content\themes\rara-ecommerce\inc\custom-functions.php en la línea 568

2022-12-02T00:47:39+00:00 CRITICAL Uncaught Error: Call to undefined function seva_get_fonts() in C:\wamp64\www\wordpress\wp-content\themes\rara-ecommerce\inc\custom-functions.php:568
Stack trace:
#0 C:\wamp64\www\wordpress\wp-includes\class-wp-hook.php(307): rara_ecommerce_dynamic_mce_css_ajax_callback('')
#1 C:\wamp64\www\wordpress\wp-includes\class-wp-hook.php(331): WP_Hook->apply_filters('', Array)
#2 C:\wamp64\www\wordpress\wp-includes\plugin.php(476): WP_Hook->do_action(Array)
#3 C:\wamp64\www\wordpress\wp-admin\admin-ajax.php(187): do_action('wp_ajax_rara_ec...')
#4 {main}
  thrown en C:\wamp64\www\wordpress\wp-content\themes\rara-ecommerce\inc\custom-functions.php en la línea 568

2022-12-02T00:48:40+00:00 CRITICAL Uncaught Error: Call to undefined function seva_get_fonts() in C:\wamp64\www\wordpress\wp-content\themes\rara-ecommerce\inc\custom-functions.php:568
Stack trace:
#0 C:\wamp64\www\wordpress\wp-includes\class-wp-hook.php(307): rara_ecommerce_dynamic_mce_css_ajax_callback('')
#1 C:\wamp64\www\wordpress\wp-includes\class-wp-hook.php(331): WP_Hook->apply_filters('', Array)
#2 C:\wamp64\www\wordpress\wp-includes\plugin.php(476): WP_Hook->do_action(Array)
#3 C:\wamp64\www\wordpress\wp-admin\admin-ajax.php(187): do_action('wp_ajax_rara_ec...')
#4 {main}
  thrown en C:\wamp64\www\wordpress\wp-content\themes\rara-ecommerce\inc\custom-functions.php en la línea 568

2022-12-02T00:48:42+00:00 CRITICAL Uncaught Error: Call to undefined function seva_get_fonts() in C:\wamp64\www\wordpress\wp-content\themes\rara-ecommerce\inc\custom-functions.php:568
Stack trace:
#0 C:\wamp64\www\wordpress\wp-includes\class-wp-hook.php(307): rara_ecommerce_dynamic_mce_css_ajax_callback('')
#1 C:\wamp64\www\wordpress\wp-includes\class-wp-hook.php(331): WP_Hook->apply_filters('', Array)
#2 C:\wamp64\www\wordpress\wp-includes\plugin.php(476): WP_Hook->do_action(Array)
#3 C:\wamp64\www\wordpress\wp-admin\admin-ajax.php(187): do_action('wp_ajax_rara_ec...')
#4 {main}
  thrown en C:\wamp64\www\wordpress\wp-content\themes\rara-ecommerce\inc\custom-functions.php en la línea 568

2022-12-02T00:52:55+00:00 CRITICAL Uncaught Error: Call to undefined function seva_get_fonts() in C:\wamp64\www\wordpress\wp-content\themes\rara-ecommerce\inc\custom-functions.php:568
Stack trace:
#0 C:\wamp64\www\wordpress\wp-includes\class-wp-hook.php(307): rara_ecommerce_dynamic_mce_css_ajax_callback('')
#1 C:\wamp64\www\wordpress\wp-includes\class-wp-hook.php(331): WP_Hook->apply_filters('', Array)
#2 C:\wamp64\www\wordpress\wp-includes\plugin.php(476): WP_Hook->do_action(Array)
#3 C:\wamp64\www\wordpress\wp-admin\admin-ajax.php(187): do_action('wp_ajax_rara_ec...')
#4 {main}
  thrown en C:\wamp64\www\wordpress\wp-content\themes\rara-ecommerce\inc\custom-functions.php en la línea 568

2022-12-02T00:52:56+00:00 CRITICAL Uncaught Error: Call to undefined function seva_get_fonts() in C:\wamp64\www\wordpress\wp-content\themes\rara-ecommerce\inc\custom-functions.php:568
Stack trace:
#0 C:\wamp64\www\wordpress\wp-includes\class-wp-hook.php(307): rara_ecommerce_dynamic_mce_css_ajax_callback('')
#1 C:\wamp64\www\wordpress\wp-includes\class-wp-hook.php(331): WP_Hook->apply_filters('', Array)
#2 C:\wamp64\www\wordpress\wp-includes\plugin.php(476): WP_Hook->do_action(Array)
#3 C:\wamp64\www\wordpress\wp-admin\admin-ajax.php(187): do_action('wp_ajax_rara_ec...')
#4 {main}
  thrown en C:\wamp64\www\wordpress\wp-content\themes\rara-ecommerce\inc\custom-functions.php en la línea 568

2022-12-02T00:53:23+00:00 CRITICAL Uncaught Error: Call to undefined function seva_get_fonts() in C:\wamp64\www\wordpress\wp-content\themes\rara-ecommerce\inc\custom-functions.php:568
Stack trace:
#0 C:\wamp64\www\wordpress\wp-includes\class-wp-hook.php(307): rara_ecommerce_dynamic_mce_css_ajax_callback('')
#1 C:\wamp64\www\wordpress\wp-includes\class-wp-hook.php(331): WP_Hook->apply_filters('', Array)
#2 C:\wamp64\www\wordpress\wp-includes\plugin.php(476): WP_Hook->do_action(Array)
#3 C:\wamp64\www\wordpress\wp-admin\admin-ajax.php(187): do_action('wp_ajax_rara_ec...')
#4 {main}
  thrown en C:\wamp64\www\wordpress\wp-content\themes\rara-ecommerce\inc\custom-functions.php en la línea 568

2022-12-02T00:53:24+00:00 CRITICAL Uncaught Error: Call to undefined function seva_get_fonts() in C:\wamp64\www\wordpress\wp-content\themes\rara-ecommerce\inc\custom-functions.php:568
Stack trace:
#0 C:\wamp64\www\wordpress\wp-includes\class-wp-hook.php(307): rara_ecommerce_dynamic_mce_css_ajax_callback('')
#1 C:\wamp64\www\wordpress\wp-includes\class-wp-hook.php(331): WP_Hook->apply_filters('', Array)
#2 C:\wamp64\www\wordpress\wp-includes\plugin.php(476): WP_Hook->do_action(Array)
#3 C:\wamp64\www\wordpress\wp-admin\admin-ajax.php(187): do_action('wp_ajax_rara_ec...')
#4 {main}
  thrown en C:\wamp64\www\wordpress\wp-content\themes\rara-ecommerce\inc\custom-functions.php en la línea 568

2022-12-02T00:53:59+00:00 CRITICAL Uncaught Error: Call to undefined function seva_get_fonts() in C:\wamp64\www\wordpress\wp-content\themes\rara-ecommerce\inc\custom-functions.php:568
Stack trace:
#0 C:\wamp64\www\wordpress\wp-includes\class-wp-hook.php(307): rara_ecommerce_dynamic_mce_css_ajax_callback('')
#1 C:\wamp64\www\wordpress\wp-includes\class-wp-hook.php(331): WP_Hook->apply_filters('', Array)
#2 C:\wamp64\www\wordpress\wp-includes\plugin.php(476): WP_Hook->do_action(Array)
#3 C:\wamp64\www\wordpress\wp-admin\admin-ajax.php(187): do_action('wp_ajax_rara_ec...')
#4 {main}
  thrown en C:\wamp64\www\wordpress\wp-content\themes\rara-ecommerce\inc\custom-functions.php en la línea 568

2022-12-02T00:54:01+00:00 CRITICAL Uncaught Error: Call to undefined function seva_get_fonts() in C:\wamp64\www\wordpress\wp-content\themes\rara-ecommerce\inc\custom-functions.php:568
Stack trace:
#0 C:\wamp64\www\wordpress\wp-includes\class-wp-hook.php(307): rara_ecommerce_dynamic_mce_css_ajax_callback('')
#1 C:\wamp64\www\wordpress\wp-includes\class-wp-hook.php(331): WP_Hook->apply_filters('', Array)
#2 C:\wamp64\www\wordpress\wp-includes\plugin.php(476): WP_Hook->do_action(Array)
#3 C:\wamp64\www\wordpress\wp-admin\admin-ajax.php(187): do_action('wp_ajax_rara_ec...')
#4 {main}
  thrown en C:\wamp64\www\wordpress\wp-content\themes\rara-ecommerce\inc\custom-functions.php en la línea 568

2022-12-02T00:54:34+00:00 CRITICAL Uncaught Error: Call to undefined function seva_get_fonts() in C:\wamp64\www\wordpress\wp-content\themes\rara-ecommerce\inc\custom-functions.php:568
Stack trace:
#0 C:\wamp64\www\wordpress\wp-includes\class-wp-hook.php(307): rara_ecommerce_dynamic_mce_css_ajax_callback('')
#1 C:\wamp64\www\wordpress\wp-includes\class-wp-hook.php(331): WP_Hook->apply_filters('', Array)
#2 C:\wamp64\www\wordpress\wp-includes\plugin.php(476): WP_Hook->do_action(Array)
#3 C:\wamp64\www\wordpress\wp-admin\admin-ajax.php(187): do_action('wp_ajax_rara_ec...')
#4 {main}
  thrown en C:\wamp64\www\wordpress\wp-content\themes\rara-ecommerce\inc\custom-functions.php en la línea 568

2022-12-02T00:54:37+00:00 CRITICAL Uncaught Error: Call to undefined function seva_get_fonts() in C:\wamp64\www\wordpress\wp-content\themes\rara-ecommerce\inc\custom-functions.php:568
Stack trace:
#0 C:\wamp64\www\wordpress\wp-includes\class-wp-hook.php(307): rara_ecommerce_dynamic_mce_css_ajax_callback('')
#1 C:\wamp64\www\wordpress\wp-includes\class-wp-hook.php(331): WP_Hook->apply_filters('', Array)
#2 C:\wamp64\www\wordpress\wp-includes\plugin.php(476): WP_Hook->do_action(Array)
#3 C:\wamp64\www\wordpress\wp-admin\admin-ajax.php(187): do_action('wp_ajax_rara_ec...')
#4 {main}
  thrown en C:\wamp64\www\wordpress\wp-content\themes\rara-ecommerce\inc\custom-functions.php en la línea 568

2022-12-02T00:54:44+00:00 CRITICAL Uncaught Error: Call to undefined function seva_get_fonts() in C:\wamp64\www\wordpress\wp-content\themes\rara-ecommerce\inc\custom-functions.php:568
Stack trace:
#0 C:\wamp64\www\wordpress\wp-includes\class-wp-hook.php(307): rara_ecommerce_dynamic_mce_css_ajax_callback('')
#1 C:\wamp64\www\wordpress\wp-includes\class-wp-hook.php(331): WP_Hook->apply_filters('', Array)
#2 C:\wamp64\www\wordpress\wp-includes\plugin.php(476): WP_Hook->do_action(Array)
#3 C:\wamp64\www\wordpress\wp-admin\admin-ajax.php(187): do_action('wp_ajax_rara_ec...')
#4 {main}
  thrown en C:\wamp64\www\wordpress\wp-content\themes\rara-ecommerce\inc\custom-functions.php en la línea 568

2022-12-02T00:54:46+00:00 CRITICAL Uncaught Error: Call to undefined function seva_get_fonts() in C:\wamp64\www\wordpress\wp-content\themes\rara-ecommerce\inc\custom-functions.php:568
Stack trace:
#0 C:\wamp64\www\wordpress\wp-includes\class-wp-hook.php(307): rara_ecommerce_dynamic_mce_css_ajax_callback('')
#1 C:\wamp64\www\wordpress\wp-includes\class-wp-hook.php(331): WP_Hook->apply_filters('', Array)
#2 C:\wamp64\www\wordpress\wp-includes\plugin.php(476): WP_Hook->do_action(Array)
#3 C:\wamp64\www\wordpress\wp-admin\admin-ajax.php(187): do_action('wp_ajax_rara_ec...')
#4 {main}
  thrown en C:\wamp64\www\wordpress\wp-content\themes\rara-ecommerce\inc\custom-functions.php en la línea 568

2022-12-02T00:54:48+00:00 CRITICAL Uncaught Error: Call to undefined function seva_get_fonts() in C:\wamp64\www\wordpress\wp-content\themes\rara-ecommerce\inc\custom-functions.php:568
Stack trace:
#0 C:\wamp64\www\wordpress\wp-includes\class-wp-hook.php(307): rara_ecommerce_dynamic_mce_css_ajax_callback('')
#1 C:\wamp64\www\wordpress\wp-includes\class-wp-hook.php(331): WP_Hook->apply_filters('', Array)
#2 C:\wamp64\www\wordpress\wp-includes\plugin.php(476): WP_Hook->do_action(Array)
#3 C:\wamp64\www\wordpress\wp-admin\admin-ajax.php(187): do_action('wp_ajax_rara_ec...')
#4 {main}
  thrown en C:\wamp64\www\wordpress\wp-content\themes\rara-ecommerce\inc\custom-functions.php en la línea 568

2022-12-02T00:54:50+00:00 CRITICAL Uncaught Error: Call to undefined function seva_get_fonts() in C:\wamp64\www\wordpress\wp-content\themes\rara-ecommerce\inc\custom-functions.php:568
Stack trace:
#0 C:\wamp64\www\wordpress\wp-includes\class-wp-hook.php(307): rara_ecommerce_dynamic_mce_css_ajax_callback('')
#1 C:\wamp64\www\wordpress\wp-includes\class-wp-hook.php(331): WP_Hook->apply_filters('', Array)
#2 C:\wamp64\www\wordpress\wp-includes\plugin.php(476): WP_Hook->do_action(Array)
#3 C:\wamp64\www\wordpress\wp-admin\admin-ajax.php(187): do_action('wp_ajax_rara_ec...')
#4 {main}
  thrown en C:\wamp64\www\wordpress\wp-content\themes\rara-ecommerce\inc\custom-functions.php en la línea 568

2022-12-02T00:54:51+00:00 CRITICAL Uncaught Error: Call to undefined function seva_get_fonts() in C:\wamp64\www\wordpress\wp-content\themes\rara-ecommerce\inc\custom-functions.php:568
Stack trace:
#0 C:\wamp64\www\wordpress\wp-includes\class-wp-hook.php(307): rara_ecommerce_dynamic_mce_css_ajax_callback('')
#1 C:\wamp64\www\wordpress\wp-includes\class-wp-hook.php(331): WP_Hook->apply_filters('', Array)
#2 C:\wamp64\www\wordpress\wp-includes\plugin.php(476): WP_Hook->do_action(Array)
#3 C:\wamp64\www\wordpress\wp-admin\admin-ajax.php(187): do_action('wp_ajax_rara_ec...')
#4 {main}
  thrown en C:\wamp64\www\wordpress\wp-content\themes\rara-ecommerce\inc\custom-functions.php en la línea 568

2022-12-02T00:54:52+00:00 CRITICAL Uncaught Error: Call to undefined function seva_get_fonts() in C:\wamp64\www\wordpress\wp-content\themes\rara-ecommerce\inc\custom-functions.php:568
Stack trace:
#0 C:\wamp64\www\wordpress\wp-includes\class-wp-hook.php(307): rara_ecommerce_dynamic_mce_css_ajax_callback('')
#1 C:\wamp64\www\wordpress\wp-includes\class-wp-hook.php(331): WP_Hook->apply_filters('', Array)
#2 C:\wamp64\www\wordpress\wp-includes\plugin.php(476): WP_Hook->do_action(Array)
#3 C:\wamp64\www\wordpress\wp-admin\admin-ajax.php(187): do_action('wp_ajax_rara_ec...')
#4 {main}
  thrown en C:\wamp64\www\wordpress\wp-content\themes\rara-ecommerce\inc\custom-functions.php en la línea 568

2022-12-02T00:55:07+00:00 CRITICAL Uncaught Error: Call to undefined function seva_get_fonts() in C:\wamp64\www\wordpress\wp-content\themes\rara-ecommerce\inc\custom-functions.php:568
Stack trace:
#0 C:\wamp64\www\wordpress\wp-includes\class-wp-hook.php(307): rara_ecommerce_dynamic_mce_css_ajax_callback('')
#1 C:\wamp64\www\wordpress\wp-includes\class-wp-hook.php(331): WP_Hook->apply_filters('', Array)
#2 C:\wamp64\www\wordpress\wp-includes\plugin.php(476): WP_Hook->do_action(Array)
#3 C:\wamp64\www\wordpress\wp-admin\admin-ajax.php(187): do_action('wp_ajax_rara_ec...')
#4 {main}
  thrown en C:\wamp64\www\wordpress\wp-content\themes\rara-ecommerce\inc\custom-functions.php en la línea 568

2022-12-02T00:55:10+00:00 CRITICAL Uncaught Error: Call to undefined function seva_get_fonts() in C:\wamp64\www\wordpress\wp-content\themes\rara-ecommerce\inc\custom-functions.php:568
Stack trace:
#0 C:\wamp64\www\wordpress\wp-includes\class-wp-hook.php(307): rara_ecommerce_dynamic_mce_css_ajax_callback('')
#1 C:\wamp64\www\wordpress\wp-includes\class-wp-hook.php(331): WP_Hook->apply_filters('', Array)
#2 C:\wamp64\www\wordpress\wp-includes\plugin.php(476): WP_Hook->do_action(Array)
#3 C:\wamp64\www\wordpress\wp-admin\admin-ajax.php(187): do_action('wp_ajax_rara_ec...')
#4 {main}
  thrown en C:\wamp64\www\wordpress\wp-content\themes\rara-ecommerce\inc\custom-functions.php en la línea 568

2022-12-02T00:55:16+00:00 CRITICAL Uncaught Error: Call to undefined function seva_get_fonts() in C:\wamp64\www\wordpress\wp-content\themes\rara-ecommerce\inc\custom-functions.php:568
Stack trace:
#0 C:\wamp64\www\wordpress\wp-includes\class-wp-hook.php(307): rara_ecommerce_dynamic_mce_css_ajax_callback('')
#1 C:\wamp64\www\wordpress\wp-includes\class-wp-hook.php(331): WP_Hook->apply_filters('', Array)
#2 C:\wamp64\www\wordpress\wp-includes\plugin.php(476): WP_Hook->do_action(Array)
#3 C:\wamp64\www\wordpress\wp-admin\admin-ajax.php(187): do_action('wp_ajax_rara_ec...')
#4 {main}
  thrown en C:\wamp64\www\wordpress\wp-content\themes\rara-ecommerce\inc\custom-functions.php en la línea 568

2022-12-02T00:55:17+00:00 CRITICAL Uncaught Error: Call to undefined function seva_get_fonts() in C:\wamp64\www\wordpress\wp-content\themes\rara-ecommerce\inc\custom-functions.php:568
Stack trace:
#0 C:\wamp64\www\wordpress\wp-includes\class-wp-hook.php(307): rara_ecommerce_dynamic_mce_css_ajax_callback('')
#1 C:\wamp64\www\wordpress\wp-includes\class-wp-hook.php(331): WP_Hook->apply_filters('', Array)
#2 C:\wamp64\www\wordpress\wp-includes\plugin.php(476): WP_Hook->do_action(Array)
#3 C:\wamp64\www\wordpress\wp-admin\admin-ajax.php(187): do_action('wp_ajax_rara_ec...')
#4 {main}
  thrown en C:\wamp64\www\wordpress\wp-content\themes\rara-ecommerce\inc\custom-functions.php en la línea 568

2022-12-02T00:55:27+00:00 CRITICAL Uncaught Error: Call to undefined function seva_get_fonts() in C:\wamp64\www\wordpress\wp-content\themes\rara-ecommerce\inc\custom-functions.php:568
Stack trace:
#0 C:\wamp64\www\wordpress\wp-includes\class-wp-hook.php(307): rara_ecommerce_dynamic_mce_css_ajax_callback('')
#1 C:\wamp64\www\wordpress\wp-includes\class-wp-hook.php(331): WP_Hook->apply_filters('', Array)
#2 C:\wamp64\www\wordpress\wp-includes\plugin.php(476): WP_Hook->do_action(Array)
#3 C:\wamp64\www\wordpress\wp-admin\admin-ajax.php(187): do_action('wp_ajax_rara_ec...')
#4 {main}
  thrown en C:\wamp64\www\wordpress\wp-content\themes\rara-ecommerce\inc\custom-functions.php en la línea 568

2022-12-02T00:55:28+00:00 CRITICAL Uncaught Error: Call to undefined function seva_get_fonts() in C:\wamp64\www\wordpress\wp-content\themes\rara-ecommerce\inc\custom-functions.php:568
Stack trace:
#0 C:\wamp64\www\wordpress\wp-includes\class-wp-hook.php(307): rara_ecommerce_dynamic_mce_css_ajax_callback('')
#1 C:\wamp64\www\wordpress\wp-includes\class-wp-hook.php(331): WP_Hook->apply_filters('', Array)
#2 C:\wamp64\www\wordpress\wp-includes\plugin.php(476): WP_Hook->do_action(Array)
#3 C:\wamp64\www\wordpress\wp-admin\admin-ajax.php(187): do_action('wp_ajax_rara_ec...')
#4 {main}
  thrown en C:\wamp64\www\wordpress\wp-content\themes\rara-ecommerce\inc\custom-functions.php en la línea 568

2022-12-02T00:55:39+00:00 CRITICAL Uncaught Error: Call to undefined function seva_get_fonts() in C:\wamp64\www\wordpress\wp-content\themes\rara-ecommerce\inc\custom-functions.php:568
Stack trace:
#0 C:\wamp64\www\wordpress\wp-includes\class-wp-hook.php(307): rara_ecommerce_dynamic_mce_css_ajax_callback('')
#1 C:\wamp64\www\wordpress\wp-includes\class-wp-hook.php(331): WP_Hook->apply_filters('', Array)
#2 C:\wamp64\www\wordpress\wp-includes\plugin.php(476): WP_Hook->do_action(Array)
#3 C:\wamp64\www\wordpress\wp-admin\admin-ajax.php(187): do_action('wp_ajax_rara_ec...')
#4 {main}
  thrown en C:\wamp64\www\wordpress\wp-content\themes\rara-ecommerce\inc\custom-functions.php en la línea 568

2022-12-02T00:55:40+00:00 CRITICAL Uncaught Error: Call to undefined function seva_get_fonts() in C:\wamp64\www\wordpress\wp-content\themes\rara-ecommerce\inc\custom-functions.php:568
Stack trace:
#0 C:\wamp64\www\wordpress\wp-includes\class-wp-hook.php(307): rara_ecommerce_dynamic_mce_css_ajax_callback('')
#1 C:\wamp64\www\wordpress\wp-includes\class-wp-hook.php(331): WP_Hook->apply_filters('', Array)
#2 C:\wamp64\www\wordpress\wp-includes\plugin.php(476): WP_Hook->do_action(Array)
#3 C:\wamp64\www\wordpress\wp-admin\admin-ajax.php(187): do_action('wp_ajax_rara_ec...')
#4 {main}
  thrown en C:\wamp64\www\wordpress\wp-content\themes\rara-ecommerce\inc\custom-functions.php en la línea 568

2022-12-02T00:56:07+00:00 CRITICAL Uncaught Error: Call to undefined function seva_get_fonts() in C:\wamp64\www\wordpress\wp-content\themes\rara-ecommerce\inc\custom-functions.php:568
Stack trace:
#0 C:\wamp64\www\wordpress\wp-includes\class-wp-hook.php(307): rara_ecommerce_dynamic_mce_css_ajax_callback('')
#1 C:\wamp64\www\wordpress\wp-includes\class-wp-hook.php(331): WP_Hook->apply_filters('', Array)
#2 C:\wamp64\www\wordpress\wp-includes\plugin.php(476): WP_Hook->do_action(Array)
#3 C:\wamp64\www\wordpress\wp-admin\admin-ajax.php(187): do_action('wp_ajax_rara_ec...')
#4 {main}
  thrown en C:\wamp64\www\wordpress\wp-content\themes\rara-ecommerce\inc\custom-functions.php en la línea 568

2022-12-02T00:56:08+00:00 CRITICAL Uncaught Error: Call to undefined function seva_get_fonts() in C:\wamp64\www\wordpress\wp-content\themes\rara-ecommerce\inc\custom-functions.php:568
Stack trace:
#0 C:\wamp64\www\wordpress\wp-includes\class-wp-hook.php(307): rara_ecommerce_dynamic_mce_css_ajax_callback('')
#1 C:\wamp64\www\wordpress\wp-includes\class-wp-hook.php(331): WP_Hook->apply_filters('', Array)
#2 C:\wamp64\www\wordpress\wp-includes\plugin.php(476): WP_Hook->do_action(Array)
#3 C:\wamp64\www\wordpress\wp-admin\admin-ajax.php(187): do_action('wp_ajax_rara_ec...')
#4 {main}
  thrown en C:\wamp64\www\wordpress\wp-content\themes\rara-ecommerce\inc\custom-functions.php en la línea 568

2022-12-02T00:56:47+00:00 CRITICAL Uncaught Error: Call to undefined function seva_get_fonts() in C:\wamp64\www\wordpress\wp-content\themes\rara-ecommerce\inc\custom-functions.php:568
Stack trace:
#0 C:\wamp64\www\wordpress\wp-includes\class-wp-hook.php(307): rara_ecommerce_dynamic_mce_css_ajax_callback('')
#1 C:\wamp64\www\wordpress\wp-includes\class-wp-hook.php(331): WP_Hook->apply_filters('', Array)
#2 C:\wamp64\www\wordpress\wp-includes\plugin.php(476): WP_Hook->do_action(Array)
#3 C:\wamp64\www\wordpress\wp-admin\admin-ajax.php(187): do_action('wp_ajax_rara_ec...')
#4 {main}
  thrown en C:\wamp64\www\wordpress\wp-content\themes\rara-ecommerce\inc\custom-functions.php en la línea 568

2022-12-02T00:56:48+00:00 CRITICAL Uncaught Error: Call to undefined function seva_get_fonts() in C:\wamp64\www\wordpress\wp-content\themes\rara-ecommerce\inc\custom-functions.php:568
Stack trace:
#0 C:\wamp64\www\wordpress\wp-includes\class-wp-hook.php(307): rara_ecommerce_dynamic_mce_css_ajax_callback('')
#1 C:\wamp64\www\wordpress\wp-includes\class-wp-hook.php(331): WP_Hook->apply_filters('', Array)
#2 C:\wamp64\www\wordpress\wp-includes\plugin.php(476): WP_Hook->do_action(Array)
#3 C:\wamp64\www\wordpress\wp-admin\admin-ajax.php(187): do_action('wp_ajax_rara_ec...')
#4 {main}
  thrown en C:\wamp64\www\wordpress\wp-content\themes\rara-ecommerce\inc\custom-functions.php en la línea 568

2022-12-02T00:59:44+00:00 CRITICAL Uncaught Error: Call to undefined function seva_get_fonts() in C:\wamp64\www\wordpress\wp-content\themes\rara-ecommerce\inc\custom-functions.php:568
Stack trace:
#0 C:\wamp64\www\wordpress\wp-includes\class-wp-hook.php(307): rara_ecommerce_dynamic_mce_css_ajax_callback('')
#1 C:\wamp64\www\wordpress\wp-includes\class-wp-hook.php(331): WP_Hook->apply_filters('', Array)
#2 C:\wamp64\www\wordpress\wp-includes\plugin.php(476): WP_Hook->do_action(Array)
#3 C:\wamp64\www\wordpress\wp-admin\admin-ajax.php(187): do_action('wp_ajax_rara_ec...')
#4 {main}
  thrown en C:\wamp64\www\wordpress\wp-content\themes\rara-ecommerce\inc\custom-functions.php en la línea 568

2022-12-02T00:59:46+00:00 CRITICAL Uncaught Error: Call to undefined function seva_get_fonts() in C:\wamp64\www\wordpress\wp-content\themes\rara-ecommerce\inc\custom-functions.php:568
Stack trace:
#0 C:\wamp64\www\wordpress\wp-includes\class-wp-hook.php(307): rara_ecommerce_dynamic_mce_css_ajax_callback('')
#1 C:\wamp64\www\wordpress\wp-includes\class-wp-hook.php(331): WP_Hook->apply_filters('', Array)
#2 C:\wamp64\www\wordpress\wp-includes\plugin.php(476): WP_Hook->do_action(Array)
#3 C:\wamp64\www\wordpress\wp-admin\admin-ajax.php(187): do_action('wp_ajax_rara_ec...')
#4 {main}
  thrown en C:\wamp64\www\wordpress\wp-content\themes\rara-ecommerce\inc\custom-functions.php en la línea 568

2022-12-02T01:00:54+00:00 CRITICAL Uncaught Error: Call to undefined function seva_get_fonts() in C:\wamp64\www\wordpress\wp-content\themes\rara-ecommerce\inc\custom-functions.php:568
Stack trace:
#0 C:\wamp64\www\wordpress\wp-includes\class-wp-hook.php(307): rara_ecommerce_dynamic_mce_css_ajax_callback('')
#1 C:\wamp64\www\wordpress\wp-includes\class-wp-hook.php(331): WP_Hook->apply_filters('', Array)
#2 C:\wamp64\www\wordpress\wp-includes\plugin.php(476): WP_Hook->do_action(Array)
#3 C:\wamp64\www\wordpress\wp-admin\admin-ajax.php(187): do_action('wp_ajax_rara_ec...')
#4 {main}
  thrown en C:\wamp64\www\wordpress\wp-content\themes\rara-ecommerce\inc\custom-functions.php en la línea 568

2022-12-02T01:00:56+00:00 CRITICAL Uncaught Error: Call to undefined function seva_get_fonts() in C:\wamp64\www\wordpress\wp-content\themes\rara-ecommerce\inc\custom-functions.php:568
Stack trace:
#0 C:\wamp64\www\wordpress\wp-includes\class-wp-hook.php(307): rara_ecommerce_dynamic_mce_css_ajax_callback('')
#1 C:\wamp64\www\wordpress\wp-includes\class-wp-hook.php(331): WP_Hook->apply_filters('', Array)
#2 C:\wamp64\www\wordpress\wp-includes\plugin.php(476): WP_Hook->do_action(Array)
#3 C:\wamp64\www\wordpress\wp-admin\admin-ajax.php(187): do_action('wp_ajax_rara_ec...')
#4 {main}
  thrown en C:\wamp64\www\wordpress\wp-content\themes\rara-ecommerce\inc\custom-functions.php en la línea 568

